<?xml version="1.0" encoding="UTF-8"?>
<testng-results ignored="0" total="2" passed="2" failed="0" skipped="0">
  <reporter-output>
    <line>
      <![CDATA[hi]]>
    </line>
  </reporter-output>
  <suite started-at="2023-03-13T00:05:35 IST" name="Default suite" finished-at="2023-03-13T00:05:35 IST" duration-ms="251">
    <groups>
    </groups>
    <test started-at="2023-03-13T00:05:35 IST" name="Default test" finished-at="2023-03-13T00:05:35 IST" duration-ms="251">
      <class name="com.actitime.testscript.CustomerModule">
        <test-method signature="testCreateCustomer()[pri:0, instance:com.actitime.testscript.CustomerModule@51e5fc98]" started-at="2023-03-13T00:05:35 IST" name="testCreateCustomer" finished-at="2023-03-13T00:05:35 IST" duration-ms="53" status="PASS">
          <reporter-output>
          </reporter-output>
        </test-method> <!-- testCreateCustomer -->
        <test-method signature="testmodifyCustomer()[pri:0, instance:com.actitime.testscript.CustomerModule@51e5fc98]" started-at="2023-03-13T00:05:35 IST" name="testmodifyCustomer" finished-at="2023-03-13T00:05:35 IST" duration-ms="4" status="PASS">
          <reporter-output>
            <line>
              <![CDATA[hi]]>
            </line>
          </reporter-output>
        </test-method> <!-- testmodifyCustomer -->
      </class> <!-- com.actitime.testscript.CustomerModule -->
    </test> <!-- Default test -->
  </suite> <!-- Default suite -->
</testng-results>
